# JRE version: Java(TM) SE Runtime Environment (8.0_144-b01) (build 1.8.0_144-b01)
# Java VM: Java HotSpot(TM) 64-Bit Server VM (25.144-b01 mixed mode linux-amd64 compressed oops)
Heap:
 PSYoungGen      total 134144K, used 6284K [0x00000000f5580000, 0x00000000ffe80000, 0x0000000100000000)
  eden space 97280K, 6% used [0x00000000f5580000,0x00000000f5b333a0,0x00000000fb480000)
  from space 36864K, 1% used [0x00000000fb480000,0x00000000fb4f0000,0x00000000fd880000)
  to   space 35328K, 0% used [0x00000000fdc00000,0x00000000fdc00000,0x00000000ffe80000)
 ParOldGen       total 172032K, used 124987K [0x00000000e0000000, 0x00000000ea800000, 0x00000000f5580000)
  object space 172032K, 72% used [0x00000000e0000000,0x00000000e7a0ee48,0x00000000ea800000)
 Metaspace       used 13906K, capacity 14538K, committed 14720K, reserved 1062912K
  class space    used 1641K, capacity 1803K, committed 1920K, reserved 1048576K
GC Heap History (10 events):
Event: 28,946 GC heap before
{Heap before GC invocations=17 (full 0):
 PSYoungGen      total 126464K, used 85024K [0x00000000f5580000, 0x00000000ffb80000, 0x0000000100000000)
  eden space 84992K, 100% used [0x00000000f5580000,0x00000000fa880000,0x00000000fa880000)
  from space 41472K, 0% used [0x00000000fd300000,0x00000000fd308000,0x00000000ffb80000)
  to   space 42496K, 0% used [0x00000000fa880000,0x00000000fa880000,0x00000000fd200000)
 ParOldGen       total 172032K, used 105622K [0x00000000e0000000, 0x00000000ea800000, 0x00000000f5580000)
  object space 172032K, 61% used [0x00000000e0000000,0x00000000e6725ad0,0x00000000ea800000)
 Metaspace       used 12238K, capacity 12810K, committed 12928K, reserved 1060864K
  class space    used 1473K, capacity 1611K, committed 1664K, reserved 1048576K
Event: 28,964 GC heap after
Heap after GC invocations=17 (full 0):
 PSYoungGen      total 127488K, used 320K [0x00000000f5580000, 0x00000000ffe00000, 0x0000000100000000)
  eden space 84992K, 0% used [0x00000000f5580000,0x00000000f5580000,0x00000000fa880000)
  from space 42496K, 0% used [0x00000000fa880000,0x00000000fa8d0000,0x00000000fd200000)
  to   space 40960K, 0% used [0x00000000fd600000,0x00000000fd600000,0x00000000ffe00000)
 ParOldGen       total 172032K, used 105646K [0x00000000e0000000, 0x00000000ea800000, 0x00000000f5580000)
  object space 172032K, 61% used [0x00000000e0000000,0x00000000e672bad0,0x00000000ea800000)
 Metaspace       used 12238K, capacity 12810K, committed 12928K, reserved 1060864K
  class space    used 1473K, capacity 1611K, committed 1664K, reserved 1048576K
}
Event: 30,664 GC heap before
{Heap before GC invocations=18 (full 0):
 PSYoungGen      total 127488K, used 85312K [0x00000000f5580000, 0x00000000ffe00000, 0x0000000100000000)
  eden space 84992K, 100% used [0x00000000f5580000,0x00000000fa880000,0x00000000fa880000)
  from space 42496K, 0% used [0x00000000fa880000,0x00000000fa8d0000,0x00000000fd200000)
  to   space 40960K, 0% used [0x00000000fd600000,0x00000000fd600000,0x00000000ffe00000)
 ParOldGen       total 172032K, used 105646K [0x00000000e0000000, 0x00000000ea800000, 0x00000000f5580000)
  object space 172032K, 61% used [0x00000000e0000000,0x00000000e672bad0,0x00000000ea800000)
 Metaspace       used 12731K, capacity 13354K, committed 13568K, reserved 1060864K
  class space    used 1549K, capacity 1707K, committed 1792K, reserved 1048576K
Event: 30,737 GC heap after
Heap after GC invocations=18 (full 0):
 PSYoungGen      total 127488K, used 2232K [0x00000000f5580000, 0x00000000ff980000, 0x0000000100000000)
  eden space 91136K, 0% used [0x00000000f5580000,0x00000000f5580000,0x00000000fae80000)
  from space 36352K, 6% used [0x00000000fd600000,0x00000000fd82e080,0x00000000ff980000)
  to   space 38400K, 0% used [0x00000000fae80000,0x00000000fae80000,0x00000000fd400000)
 ParOldGen       total 172032K, used 105734K [0x00000000e0000000, 0x00000000ea800000, 0x00000000f5580000)
  object space 172032K, 61% used [0x00000000e0000000,0x00000000e6741ad0,0x00000000ea800000)
 Metaspace       used 12731K, capacity 13354K, committed 13568K, reserved 1060864K
  class space    used 1549K, capacity 1707K, committed 1792K, reserved 1048576K
}
Event: 32,022 GC heap before
{Heap before GC invocations=19 (full 0):
 PSYoungGen      total 127488K, used 93368K [0x00000000f5580000, 0x00000000ff980000, 0x0000000100000000)
  eden space 91136K, 100% used [0x00000000f5580000,0x00000000fae80000,0x00000000fae80000)
  from space 36352K, 6% used [0x00000000fd600000,0x00000000fd82e080,0x00000000ff980000)
  to   space 38400K, 0% used [0x00000000fae80000,0x00000000fae80000,0x00000000fd400000)
 ParOldGen       total 172032K, used 105734K [0x00000000e0000000, 0x00000000ea800000, 0x00000000f5580000)
  object space 172032K, 61% used [0x00000000e0000000,0x00000000e6741ad0,0x00000000ea800000)
 Metaspace       used 13491K, capacity 14122K, committed 14336K, reserved 1062912K
  class space    used 1596K, capacity 1771K, committed 1792K, reserved 1048576K
Event: 32,098 GC heap after
Heap after GC invocations=19 (full 0):
 PSYoungGen      total 129536K, used 16570K [0x00000000f5580000, 0x0000000100000000, 0x0000000100000000)
  eden space 91136K, 0% used [0x00000000f5580000,0x00000000f5580000,0x00000000fae80000)
  from space 38400K, 43% used [0x00000000fae80000,0x00000000fbeae900,0x00000000fd400000)
  to   space 38912K, 0% used [0x00000000fda00000,0x00000000fda00000,0x0000000100000000)
 ParOldGen       total 172032K, used 107586K [0x00000000e0000000, 0x00000000ea800000, 0x00000000f5580000)
  object space 172032K, 62% used [0x00000000e0000000,0x00000000e6910b50,0x00000000ea800000)
 Metaspace       used 13491K, capacity 14122K, committed 14336K, reserved 1062912K
  class space    used 1596K, capacity 1771K, committed 1792K, reserved 1048576K
}
Event: 33,941 GC heap before
{Heap before GC invocations=20 (full 0):
 PSYoungGen      total 129536K, used 107706K [0x00000000f5580000, 0x0000000100000000, 0x0000000100000000)
  eden space 91136K, 100% used [0x00000000f5580000,0x00000000fae80000,0x00000000fae80000)
  from space 38400K, 43% used [0x00000000fae80000,0x00000000fbeae900,0x00000000fd400000)
  to   space 38912K, 0% used [0x00000000fda00000,0x00000000fda00000,0x0000000100000000)
 ParOldGen       total 172032K, used 107586K [0x00000000e0000000, 0x00000000ea800000, 0x00000000f5580000)
  object space 172032K, 62% used [0x00000000e0000000,0x00000000e6910b50,0x00000000ea800000)
 Metaspace       used 13875K, capacity 14538K, committed 14720K, reserved 1062912K
  class space    used 1640K, capacity 1803K, committed 1920K, reserved 1048576K
Event: 34,047 GC heap after
Heap after GC invocations=20 (full 0):
 PSYoungGen      total 132608K, used 2128K [0x00000000f5580000, 0x00000000ffc80000, 0x0000000100000000)
  eden space 97280K, 0% used [0x00000000f5580000,0x00000000f5580000,0x00000000fb480000)
  from space 35328K, 6% used [0x00000000fda00000,0x00000000fdc14020,0x00000000ffc80000)
  to   space 36864K, 0% used [0x00000000fb480000,0x00000000fb480000,0x00000000fd880000)
 ParOldGen       total 172032K, used 123163K [0x00000000e0000000, 0x00000000ea800000, 0x00000000f5580000)
  object space 172032K, 71% used [0x00000000e0000000,0x00000000e7846e08,0x00000000ea800000)
 Metaspace       used 13875K, capacity 14538K, committed 14720K, reserved 1062912K
  class space    used 1640K, capacity 1803K, committed 1920K, reserved 1048576K
}
Event: 35,310 GC heap before
{Heap before GC invocations=21 (full 0):
 PSYoungGen      total 132608K, used 99408K [0x00000000f5580000, 0x00000000ffc80000, 0x0000000100000000)
  eden space 97280K, 100% used [0x00000000f5580000,0x00000000fb480000,0x00000000fb480000)
  from space 35328K, 6% used [0x00000000fda00000,0x00000000fdc14020,0x00000000ffc80000)
  to   space 36864K, 0% used [0x00000000fb480000,0x00000000fb480000,0x00000000fd880000)
 ParOldGen       total 172032K, used 123163K [0x00000000e0000000, 0x00000000ea800000, 0x00000000f5580000)
  object space 172032K, 71% used [0x00000000e0000000,0x00000000e7846e08,0x00000000ea800000)
 Metaspace       used 13883K, capacity 14538K, committed 14720K, reserved 1062912K
  class space    used 1640K, capacity 1803K, committed 1920K, reserved 1048576K
Event: 35,349 GC heap after
Heap after GC invocations=21 (full 0):
 PSYoungGen      total 134144K, used 448K [0x00000000f5580000, 0x00000000ffe80000, 0x0000000100000000)
  eden space 97280K, 0% used [0x00000000f5580000,0x00000000f5580000,0x00000000fb480000)
  from space 36864K, 1% used [0x00000000fb480000,0x00000000fb4f0000,0x00000000fd880000)
  to   space 35328K, 0% used [0x00000000fdc00000,0x00000000fdc00000,0x00000000ffe80000)
 ParOldGen       total 172032K, used 124987K [0x00000000e0000000, 0x00000000ea800000, 0x00000000f5580000)
  object space 172032K, 72% used [0x00000000e0000000,0x00000000e7a0ee48,0x00000000ea800000)
 Metaspace       used 13883K, capacity 14538K, committed 14720K, reserved 1062912K
  class space    used 1640K, capacity 1803K, committed 1920K, reserved 1048576K
}

